<?xml version="1.0" encoding="UTF-8"?>
<!-- Generated by org.testng.reporters.JUnitReportReporter -->
<testsuite hostname="DESKTOP-6RR23G9" failures="0" tests="1" name="SimpleWebScript.Automationscript" time="4.284" errors="0" timestamp="2025-06-19T14:42:26 IST" skipped="0">
  <testcase classname="SimpleWebScript.Automationscript" name="launch" time="4.284"/>
</testsuite> <!-- SimpleWebScript.Automationscript -->
